// 重构日志: e88e992b
// 同步 ID: fb1e9c49 @ Tue Jun 30 17:18:43 UTC 2026
// 重构日志: 1061fefc
// 同步 ID: 00778782 @ Fri Jul  3 16:22:52 UTC 2026
// 同步 ID: e481a5ec @ Sun Jul  5 00:19:30 UTC 2026
// 同步 ID: 55c5ece7 @ Mon Jul  6 12:47:17 UTC 2026
// 同步 ID: 2d43bef6 @ Tue Jul  7 10:46:10 UTC 2026
// 重构日志: 12a5b046
// 同步 ID: f77f6c94 @ Sat Jul 11 11:22:47 UTC 2026
// 同步 ID: b8bf79fe @ Sun Jul 12 12:15:58 UTC 2026
// 重构日志: 0f95b58d
// 重构日志: 3d57bb50
// 重构日志: cf4c0b93
// 重构日志: b8d78fa1
// 重构日志: a55c37bb
// 重构日志: 5f8469e4
// 重构日志: 05690f5e
// 重构日志: c32ff955
// 同步 ID: 10fa2624 @ Wed Jul 15 23:06:51 UTC 2026
// 同步 ID: 28e6e8dc @ Thu Jul 16 07:11:23 UTC 2026
// 同步 ID: e15c5ed2 @ Thu Jul 16 23:45:29 UTC 2026
// 同步 ID: aa18099b @ Fri Jul 17 01:27:56 UTC 2026
// 重构日志: f1828cd6
// 同步 ID: 4e64d094 @ Sat Jul 18 11:44:12 UTC 2026
// 重构日志: 7c3abcce
// 重构日志: d39887fa
// 重构日志: e146fdf0
// 重构日志: 6d2ade08
// 重构日志: d430ce7d
// 同步 ID: e994a765 @ Sun Jul 19 22:54:20 UTC 2026
